<?xml version="1.0" encoding="UTF-8"?>
<testsuite name="com.bridgelabz.NIOFileAPITest" tests="1" skipped="0" failures="0" errors="0" timestamp="2022-08-30T11:58:16" hostname="DESKTOP-42C79FL" time="0.115">
  <properties/>
  <testcase name="givenPathWhenCheckedThenConfirm()" classname="com.bridgelabz.NIOFileAPITest" time="0.115"/>
  <system-out><![CDATA[C:\Users\hp\TempPlayGround\temp1
C:\Users\hp\TempPlayGround\temp2
C:\Users\hp\TempPlayGround\temp3
C:\Users\hp\TempPlayGround\temp4
C:\Users\hp\TempPlayGround\temp5
C:\Users\hp\TempPlayGround\temp6
C:\Users\hp\TempPlayGround\temp7
C:\Users\hp\TempPlayGround\temp8
C:\Users\hp\TempPlayGround\temp9
C:\Users\hp\TempPlayGround\temp1
C:\Users\hp\TempPlayGround\temp2
C:\Users\hp\TempPlayGround\temp3
C:\Users\hp\TempPlayGround\temp4
C:\Users\hp\TempPlayGround\temp5
C:\Users\hp\TempPlayGround\temp6
C:\Users\hp\TempPlayGround\temp7
C:\Users\hp\TempPlayGround\temp8
C:\Users\hp\TempPlayGround\temp9
]]></system-out>
  <system-err><![CDATA[]]></system-err>
</testsuite>
